<?xml version="1.0" encoding="UTF-8"?>
<testsuite xmlns:xsi="http://www.w3.org/2001/XMLSchema-instance" xsi:noNamespaceSchemaLocation="https://maven.apache.org/surefire/maven-surefire-plugin/xsd/surefire-test-report.xsd" name="TestSuite" time="301.441" tests="81" errors="0" skipped="0" failures="0">
  <properties>
    <property name="sun.desktop" value="windows"/>
    <property name="awt.toolkit" value="sun.awt.windows.WToolkit"/>
    <property name="java.specification.version" value="11"/>
    <property name="sun.cpu.isalist" value="amd64"/>
    <property name="sun.jnu.encoding" value="Cp1252"/>
    <property name="java.class.path" value="C:\Users\rowna\IdeaProjects\NewFolderForCRIP0624\web-automation-framework-crip\target\test-classes;C:\Users\rowna\IdeaProjects\NewFolderForCRIP0624\web-automation-framework-crip\target\classes;C:\Users\rowna\.m2\repository\org\seleniumhq\selenium\selenium-server\4.0.0-alpha-2\selenium-server-4.0.0-alpha-2.jar;C:\Users\rowna\.m2\repository\org\seleniumhq\selenium\grid\4.0.0-alpha-2\grid-4.0.0-alpha-2.jar;C:\Users\rowna\.m2\repository\org\seleniumhq\selenium\selenium-edgehtml-driver\4.0.0-alpha-2\selenium-edgehtml-driver-4.0.0-alpha-2.jar;C:\Users\rowna\.m2\repository\org\seleniumhq\selenium\jetty-repacked\9.4.12.v20180830.1\jetty-repacked-9.4.12.v20180830.1.jar;C:\Users\rowna\.m2\repository\javax\servlet\javax.servlet-api\3.1.0\javax.servlet-api-3.1.0.jar;C:\Users\rowna\.m2\repository\org\zeromq\jeromq\0.5.1\jeromq-0.5.1.jar;C:\Users\rowna\.m2\repository\eu\neilalexander\jnacl\1.0.0\jnacl-1.0.0.jar;C:\Users\rowna\.m2\repository\net\jcip\jcip-annotations\1.0\jcip-annotations-1.0.jar;C:\Users\rowna\.m2\repository\org\yaml\snakeyaml\1.24\snakeyaml-1.24.jar;C:\Users\rowna\.m2\repository\org\seleniumhq\selenium\selenium-java\4.1.4\selenium-java-4.1.4.jar;C:\Users\rowna\.m2\repository\org\seleniumhq\selenium\selenium-api\4.1.4\selenium-api-4.1.4.jar;C:\Users\rowna\.m2\repository\org\seleniumhq\selenium\selenium-chrome-driver\4.1.4\selenium-chrome-driver-4.1.4.jar;C:\Users\rowna\.m2\repository\com\google\auto\service\auto-service-annotations\1.0.1\auto-service-annotations-1.0.1.jar;C:\Users\rowna\.m2\repository\com\google\auto\service\auto-service\1.0.1\auto-service-1.0.1.jar;C:\Users\rowna\.m2\repository\com\google\auto\auto-common\1.2\auto-common-1.2.jar;C:\Users\rowna\.m2\repository\com\google\guava\guava\31.1-jre\guava-31.1-jre.jar;C:\Users\rowna\.m2\repository\com\google\guava\failureaccess\1.0.1\failureaccess-1.0.1.jar;C:\Users\rowna\.m2\repository\com\google\guava\listenablefuture\9999.0-empty-to-avoid-conflict-with-guava\listenablefuture-9999.0-empty-to-avoid-conflict-with-guava.jar;C:\Users\rowna\.m2\repository\com\google\code\findbugs\jsr305\3.0.2\jsr305-3.0.2.jar;C:\Users\rowna\.m2\repository\org\checkerframework\checker-qual\3.12.0\checker-qual-3.12.0.jar;C:\Users\rowna\.m2\repository\com\google\errorprone\error_prone_annotations\2.11.0\error_prone_annotations-2.11.0.jar;C:\Users\rowna\.m2\repository\com\google\j2objc\j2objc-annotations\1.3\j2objc-annotations-1.3.jar;C:\Users\rowna\.m2\repository\org\seleniumhq\selenium\selenium-chromium-driver\4.1.4\selenium-chromium-driver-4.1.4.jar;C:\Users\rowna\.m2\repository\org\seleniumhq\selenium\selenium-json\4.1.4\selenium-json-4.1.4.jar;C:\Users\rowna\.m2\repository\org\seleniumhq\selenium\selenium-devtools-v100\4.1.4\selenium-devtools-v100-4.1.4.jar;C:\Users\rowna\.m2\repository\org\seleniumhq\selenium\selenium-devtools-v101\4.1.4\selenium-devtools-v101-4.1.4.jar;C:\Users\rowna\.m2\repository\org\seleniumhq\selenium\selenium-devtools-v85\4.1.4\selenium-devtools-v85-4.1.4.jar;C:\Users\rowna\.m2\repository\org\seleniumhq\selenium\selenium-devtools-v99\4.1.4\selenium-devtools-v99-4.1.4.jar;C:\Users\rowna\.m2\repository\org\seleniumhq\selenium\selenium-edge-driver\4.1.4\selenium-edge-driver-4.1.4.jar;C:\Users\rowna\.m2\repository\org\seleniumhq\selenium\selenium-firefox-driver\4.1.4\selenium-firefox-driver-4.1.4.jar;C:\Users\rowna\.m2\repository\org\seleniumhq\selenium\selenium-ie-driver\4.1.4\selenium-ie-driver-4.1.4.jar;C:\Users\rowna\.m2\repository\org\seleniumhq\selenium\selenium-opera-driver\4.1.4\selenium-opera-driver-4.1.4.jar;C:\Users\rowna\.m2\repository\org\seleniumhq\selenium\selenium-remote-driver\4.1.4\selenium-remote-driver-4.1.4.jar;C:\Users\rowna\.m2\repository\io\netty\netty-buffer\4.1.76.Final\netty-buffer-4.1.76.Final.jar;C:\Users\rowna\.m2\repository\io\netty\netty-codec-http\4.1.76.Final\netty-codec-http-4.1.76.Final.jar;C:\Users\rowna\.m2\repository\io\netty\netty-codec\4.1.76.Final\netty-codec-4.1.76.Final.jar;C:\Users\rowna\.m2\repository\io\netty\netty-handler\4.1.76.Final\netty-handler-4.1.76.Final.jar;C:\Users\rowna\.m2\repository\io\netty\netty-common\4.1.76.Final\netty-common-4.1.76.Final.jar;C:\Users\rowna\.m2\repository\io\netty\netty-transport-classes-epoll\4.1.76.Final\netty-transport-classes-epoll-4.1.76.Final.jar;C:\Users\rowna\.m2\repository\io\netty\netty-transport-classes-kqueue\4.1.76.Final\netty-transport-classes-kqueue-4.1.76.Final.jar;C:\Users\rowna\.m2\repository\io\netty\netty-transport-native-epoll\4.1.76.Final\netty-transport-native-epoll-4.1.76.Final.jar;C:\Users\rowna\.m2\repository\io\netty\netty-transport-native-kqueue\4.1.76.Final\netty-transport-native-kqueue-4.1.76.Final.jar;C:\Users\rowna\.m2\repository\io\netty\netty-transport-native-unix-common\4.1.76.Final\netty-transport-native-unix-common-4.1.76.Final.jar;C:\Users\rowna\.m2\repository\io\netty\netty-transport\4.1.76.Final\netty-transport-4.1.76.Final.jar;C:\Users\rowna\.m2\repository\io\netty\netty-resolver\4.1.76.Final\netty-resolver-4.1.76.Final.jar;C:\Users\rowna\.m2\repository\io\opentelemetry\opentelemetry-api\1.13.0\opentelemetry-api-1.13.0.jar;C:\Users\rowna\.m2\repository\io\opentelemetry\opentelemetry-context\1.13.0\opentelemetry-context-1.13.0.jar;C:\Users\rowna\.m2\repository\io\opentelemetry\opentelemetry-exporter-logging\1.13.0\opentelemetry-exporter-logging-1.13.0.jar;C:\Users\rowna\.m2\repository\io\opentelemetry\opentelemetry-sdk-metrics\1.13.0-alpha\opentelemetry-sdk-metrics-1.13.0-alpha.jar;C:\Users\rowna\.m2\repository\io\opentelemetry\opentelemetry-sdk-logs\1.13.0-alpha\opentelemetry-sdk-logs-1.13.0-alpha.jar;C:\Users\rowna\.m2\repository\io\opentelemetry\opentelemetry-sdk-common\1.13.0\opentelemetry-sdk-common-1.13.0.jar;C:\Users\rowna\.m2\repository\io\opentelemetry\opentelemetry-sdk-extension-autoconfigure-spi\1.13.0\opentelemetry-sdk-extension-autoconfigure-spi-1.13.0.jar;C:\Users\rowna\.m2\repository\io\opentelemetry\opentelemetry-sdk-extension-autoconfigure\1.13.0-alpha\opentelemetry-sdk-extension-autoconfigure-1.13.0-alpha.jar;C:\Users\rowna\.m2\repository\io\opentelemetry\opentelemetry-sdk-trace\1.13.0\opentelemetry-sdk-trace-1.13.0.jar;C:\Users\rowna\.m2\repository\io\opentelemetry\opentelemetry-sdk\1.13.0\opentelemetry-sdk-1.13.0.jar;C:\Users\rowna\.m2\repository\io\opentelemetry\opentelemetry-semconv\1.13.0-alpha\opentelemetry-semconv-1.13.0-alpha.jar;C:\Users\rowna\.m2\repository\io\ous\jtoml\2.0.0\jtoml-2.0.0.jar;C:\Users\rowna\.m2\repository\net\bytebuddy\byte-buddy\1.12.9\byte-buddy-1.12.9.jar;C:\Users\rowna\.m2\repository\org\apache\commons\commons-exec\1.3\commons-exec-1.3.jar;C:\Users\rowna\.m2\repository\org\asynchttpclient\async-http-client\2.12.3\async-http-client-2.12.3.jar;C:\Users\rowna\.m2\repository\org\asynchttpclient\async-http-client-netty-utils\2.12.3\async-http-client-netty-utils-2.12.3.jar;C:\Users\rowna\.m2\repository\io\netty\netty-codec-socks\4.1.60.Final\netty-codec-socks-4.1.60.Final.jar;C:\Users\rowna\.m2\repository\io\netty\netty-handler-proxy\4.1.60.Final\netty-handler-proxy-4.1.60.Final.jar;C:\Users\rowna\.m2\repository\io\netty\netty-transport-native-epoll\4.1.60.Final\netty-transport-native-epoll-4.1.60.Final-linux-x86_64.jar;C:\Users\rowna\.m2\repository\io\netty\netty-transport-native-kqueue\4.1.60.Final\netty-transport-native-kqueue-4.1.60.Final-osx-x86_64.jar;C:\Users\rowna\.m2\repository\org\reactivestreams\reactive-streams\1.0.3\reactive-streams-1.0.3.jar;C:\Users\rowna\.m2\repository\com\typesafe\netty\netty-reactive-streams\2.0.4\netty-reactive-streams-2.0.4.jar;C:\Users\rowna\.m2\repository\com\sun\activation\jakarta.activation\1.2.2\jakarta.activation-1.2.2.jar;C:\Users\rowna\.m2\repository\org\seleniumhq\selenium\selenium-http\4.1.4\selenium-http-4.1.4.jar;C:\Users\rowna\.m2\repository\dev\failsafe\failsafe\3.2.3\failsafe-3.2.3.jar;C:\Users\rowna\.m2\repository\org\seleniumhq\selenium\selenium-safari-driver\4.1.4\selenium-safari-driver-4.1.4.jar;C:\Users\rowna\.m2\repository\org\seleniumhq\selenium\selenium-support\4.1.4\selenium-support-4.1.4.jar;C:\Users\rowna\.m2\repository\org\testng\testng\6.14.3\testng-6.14.3.jar;C:\Users\rowna\.m2\repository\com\beust\jcommander\1.72\jcommander-1.72.jar;C:\Users\rowna\.m2\repository\org\apache-extras\beanshell\bsh\2.0b6\bsh-2.0b6.jar;C:\Users\rowna\.m2\repository\org\jsoup\jsoup\1.14.3\jsoup-1.14.3.jar;C:\Users\rowna\.m2\repository\org\apache\poi\poi-ooxml\3.7\poi-ooxml-3.7.jar;C:\Users\rowna\.m2\repository\org\apache\poi\poi\3.7\poi-3.7.jar;C:\Users\rowna\.m2\repository\org\apache\poi\poi-ooxml-schemas\3.7\poi-ooxml-schemas-3.7.jar;C:\Users\rowna\.m2\repository\org\apache\xmlbeans\xmlbeans\2.3.0\xmlbeans-2.3.0.jar;C:\Users\rowna\.m2\repository\stax\stax-api\1.0.1\stax-api-1.0.1.jar;C:\Users\rowna\.m2\repository\org\apache\geronimo\specs\geronimo-stax-api_1.0_spec\1.0\geronimo-stax-api_1.0_spec-1.0.jar;C:\Users\rowna\.m2\repository\dom4j\dom4j\1.6.1\dom4j-1.6.1.jar;C:\Users\rowna\.m2\repository\xml-apis\xml-apis\1.0.b2\xml-apis-1.0.b2.jar;C:\Users\rowna\.m2\repository\com\relevantcodes\extentreports\2.41.2\extentreports-2.41.2.jar;C:\Users\rowna\.m2\repository\org\xerial\sqlite-jdbc\3.8.11.1\sqlite-jdbc-3.8.11.1.jar;C:\Users\rowna\.m2\repository\org\freemarker\freemarker\2.3.23\freemarker-2.3.23.jar;C:\Users\rowna\.m2\repository\org\mongodb\mongodb-driver\3.0.4\mongodb-driver-3.0.4.jar;C:\Users\rowna\.m2\repository\org\mongodb\bson\3.0.4\bson-3.0.4.jar;C:\Users\rowna\.m2\repository\org\mongodb\mongodb-driver-core\3.0.4\mongodb-driver-core-3.0.4.jar;C:\Users\rowna\.m2\repository\com\aventstack\extentreports\3.1.5\extentreports-3.1.5.jar;C:\Users\rowna\.m2\repository\org\apache\httpcomponents\httpclient\4.5.2\httpclient-4.5.2.jar;C:\Users\rowna\.m2\repository\org\apache\httpcomponents\httpcore\4.4.4\httpcore-4.4.4.jar;C:\Users\rowna\.m2\repository\commons-logging\commons-logging\1.2\commons-logging-1.2.jar;C:\Users\rowna\.m2\repository\commons-codec\commons-codec\1.9\commons-codec-1.9.jar;C:\Users\rowna\.m2\repository\org\apache\httpcomponents\httpmime\4.5.2\httpmime-4.5.2.jar;C:\Users\rowna\.m2\repository\com\google\code\gson\gson\2.8.0\gson-2.8.0.jar;C:\Users\rowna\.m2\repository\commons-io\commons-io\2.5\commons-io-2.5.jar;C:\Users\rowna\.m2\repository\org\apache\commons\commons-lang3\3.7\commons-lang3-3.7.jar;C:\Users\rowna\.m2\repository\io\rest-assured\rest-assured\4.4.0\rest-assured-4.4.0.jar;C:\Users\rowna\.m2\repository\org\codehaus\groovy\groovy\3.0.8\groovy-3.0.8.jar;C:\Users\rowna\.m2\repository\org\codehaus\groovy\groovy-xml\3.0.8\groovy-xml-3.0.8.jar;C:\Users\rowna\.m2\repository\org\hamcrest\hamcrest\2.1\hamcrest-2.1.jar;C:\Users\rowna\.m2\repository\org\ccil\cowan\tagsoup\tagsoup\1.2.1\tagsoup-1.2.1.jar;C:\Users\rowna\.m2\repository\io\rest-assured\json-path\4.4.0\json-path-4.4.0.jar;C:\Users\rowna\.m2\repository\org\codehaus\groovy\groovy-json\3.0.8\groovy-json-3.0.8.jar;C:\Users\rowna\.m2\repository\io\rest-assured\rest-assured-common\4.4.0\rest-assured-common-4.4.0.jar;C:\Users\rowna\.m2\repository\io\rest-assured\xml-path\4.4.0\xml-path-4.4.0.jar;C:\Users\rowna\.m2\repository\jakarta\xml\bind\jakarta.xml.bind-api\2.3.3\jakarta.xml.bind-api-2.3.3.jar;C:\Users\rowna\.m2\repository\jakarta\activation\jakarta.activation-api\1.2.2\jakarta.activation-api-1.2.2.jar;C:\Users\rowna\.m2\repository\com\sun\xml\bind\jaxb-impl\2.3.3\jaxb-impl-2.3.3.jar;C:\Users\rowna\.m2\repository\org\mongodb\mongo-java-driver\3.12.10\mongo-java-driver-3.12.10.jar;C:\Users\rowna\.m2\repository\mysql\mysql-connector-java\8.0.27\mysql-connector-java-8.0.27.jar;C:\Users\rowna\.m2\repository\com\google\protobuf\protobuf-java\3.11.4\protobuf-java-3.11.4.jar;C:\Users\rowna\.m2\repository\org\slf4j\slf4j-api\1.7.25\slf4j-api-1.7.25.jar;C:\Users\rowna\.m2\repository\ch\qos\logback\logback-core\1.2.11\logback-core-1.2.11.jar;C:\Users\rowna\.m2\repository\ch\qos\logback\logback-classic\1.2.11\logback-classic-1.2.11.jar;"/>
    <property name="java.vm.vendor" value="Oracle Corporation"/>
    <property name="sun.arch.data.model" value="64"/>
    <property name="user.variant" value=""/>
    <property name="java.vendor.url" value="https://openjdk.java.net/"/>
    <property name="user.timezone" value="America/New_York"/>
    <property name="java.vm.specification.version" value="11"/>
    <property name="os.name" value="Windows 11"/>
    <property name="sun.java.launcher" value="SUN_STANDARD"/>
    <property name="user.country" value="US"/>
    <property name="sun.boot.library.path" value="C:\Program Files\Java\jdk-11.0.15\bin"/>
    <property name="sun.java.command" value="C:\Users\rowna\AppData\Local\Temp\surefire10502912266756403413\surefirebooter12253250100446405313.jar C:\Users\rowna\AppData\Local\Temp\surefire10502912266756403413 2022-06-24T21-05-36_741-jvmRun1 surefire13968542137835481459tmp surefire_013906538466711431851tmp"/>
    <property name="jdk.debug" value="release"/>
    <property name="surefire.test.class.path" value="C:\Users\rowna\IdeaProjects\NewFolderForCRIP0624\web-automation-framework-crip\target\test-classes;C:\Users\rowna\IdeaProjects\NewFolderForCRIP0624\web-automation-framework-crip\target\classes;C:\Users\rowna\.m2\repository\org\seleniumhq\selenium\selenium-server\4.0.0-alpha-2\selenium-server-4.0.0-alpha-2.jar;C:\Users\rowna\.m2\repository\org\seleniumhq\selenium\grid\4.0.0-alpha-2\grid-4.0.0-alpha-2.jar;C:\Users\rowna\.m2\repository\org\seleniumhq\selenium\selenium-edgehtml-driver\4.0.0-alpha-2\selenium-edgehtml-driver-4.0.0-alpha-2.jar;C:\Users\rowna\.m2\repository\org\seleniumhq\selenium\jetty-repacked\9.4.12.v20180830.1\jetty-repacked-9.4.12.v20180830.1.jar;C:\Users\rowna\.m2\repository\javax\servlet\javax.servlet-api\3.1.0\javax.servlet-api-3.1.0.jar;C:\Users\rowna\.m2\repository\org\zeromq\jeromq\0.5.1\jeromq-0.5.1.jar;C:\Users\rowna\.m2\repository\eu\neilalexander\jnacl\1.0.0\jnacl-1.0.0.jar;C:\Users\rowna\.m2\repository\net\jcip\jcip-annotations\1.0\jcip-annotations-1.0.jar;C:\Users\rowna\.m2\repository\org\yaml\snakeyaml\1.24\snakeyaml-1.24.jar;C:\Users\rowna\.m2\repository\org\seleniumhq\selenium\selenium-java\4.1.4\selenium-java-4.1.4.jar;C:\Users\rowna\.m2\repository\org\seleniumhq\selenium\selenium-api\4.1.4\selenium-api-4.1.4.jar;C:\Users\rowna\.m2\repository\org\seleniumhq\selenium\selenium-chrome-driver\4.1.4\selenium-chrome-driver-4.1.4.jar;C:\Users\rowna\.m2\repository\com\google\auto\service\auto-service-annotations\1.0.1\auto-service-annotations-1.0.1.jar;C:\Users\rowna\.m2\repository\com\google\auto\service\auto-service\1.0.1\auto-service-1.0.1.jar;C:\Users\rowna\.m2\repository\com\google\auto\auto-common\1.2\auto-common-1.2.jar;C:\Users\rowna\.m2\repository\com\google\guava\guava\31.1-jre\guava-31.1-jre.jar;C:\Users\rowna\.m2\repository\com\google\guava\failureaccess\1.0.1\failureaccess-1.0.1.jar;C:\Users\rowna\.m2\repository\com\google\guava\listenablefuture\9999.0-empty-to-avoid-conflict-with-guava\listenablefuture-9999.0-empty-to-avoid-conflict-with-guava.jar;C:\Users\rowna\.m2\repository\com\google\code\findbugs\jsr305\3.0.2\jsr305-3.0.2.jar;C:\Users\rowna\.m2\repository\org\checkerframework\checker-qual\3.12.0\checker-qual-3.12.0.jar;C:\Users\rowna\.m2\repository\com\google\errorprone\error_prone_annotations\2.11.0\error_prone_annotations-2.11.0.jar;C:\Users\rowna\.m2\repository\com\google\j2objc\j2objc-annotations\1.3\j2objc-annotations-1.3.jar;C:\Users\rowna\.m2\repository\org\seleniumhq\selenium\selenium-chromium-driver\4.1.4\selenium-chromium-driver-4.1.4.jar;C:\Users\rowna\.m2\repository\org\seleniumhq\selenium\selenium-json\4.1.4\selenium-json-4.1.4.jar;C:\Users\rowna\.m2\repository\org\seleniumhq\selenium\selenium-devtools-v100\4.1.4\selenium-devtools-v100-4.1.4.jar;C:\Users\rowna\.m2\repository\org\seleniumhq\selenium\selenium-devtools-v101\4.1.4\selenium-devtools-v101-4.1.4.jar;C:\Users\rowna\.m2\repository\org\seleniumhq\selenium\selenium-devtools-v85\4.1.4\selenium-devtools-v85-4.1.4.jar;C:\Users\rowna\.m2\repository\org\seleniumhq\selenium\selenium-devtools-v99\4.1.4\selenium-devtools-v99-4.1.4.jar;C:\Users\rowna\.m2\repository\org\seleniumhq\selenium\selenium-edge-driver\4.1.4\selenium-edge-driver-4.1.4.jar;C:\Users\rowna\.m2\repository\org\seleniumhq\selenium\selenium-firefox-driver\4.1.4\selenium-firefox-driver-4.1.4.jar;C:\Users\rowna\.m2\repository\org\seleniumhq\selenium\selenium-ie-driver\4.1.4\selenium-ie-driver-4.1.4.jar;C:\Users\rowna\.m2\repository\org\seleniumhq\selenium\selenium-opera-driver\4.1.4\selenium-opera-driver-4.1.4.jar;C:\Users\rowna\.m2\repository\org\seleniumhq\selenium\selenium-remote-driver\4.1.4\selenium-remote-driver-4.1.4.jar;C:\Users\rowna\.m2\repository\io\netty\netty-buffer\4.1.76.Final\netty-buffer-4.1.76.Final.jar;C:\Users\rowna\.m2\repository\io\netty\netty-codec-http\4.1.76.Final\netty-codec-http-4.1.76.Final.jar;C:\Users\rowna\.m2\repository\io\netty\netty-codec\4.1.76.Final\netty-codec-4.1.76.Final.jar;C:\Users\rowna\.m2\repository\io\netty\netty-handler\4.1.76.Final\netty-handler-4.1.76.Final.jar;C:\Users\rowna\.m2\repository\io\netty\netty-common\4.1.76.Final\netty-common-4.1.76.Final.jar;C:\Users\rowna\.m2\repository\io\netty\netty-transport-classes-epoll\4.1.76.Final\netty-transport-classes-epoll-4.1.76.Final.jar;C:\Users\rowna\.m2\repository\io\netty\netty-transport-classes-kqueue\4.1.76.Final\netty-transport-classes-kqueue-4.1.76.Final.jar;C:\Users\rowna\.m2\repository\io\netty\netty-transport-native-epoll\4.1.76.Final\netty-transport-native-epoll-4.1.76.Final.jar;C:\Users\rowna\.m2\repository\io\netty\netty-transport-native-kqueue\4.1.76.Final\netty-transport-native-kqueue-4.1.76.Final.jar;C:\Users\rowna\.m2\repository\io\netty\netty-transport-native-unix-common\4.1.76.Final\netty-transport-native-unix-common-4.1.76.Final.jar;C:\Users\rowna\.m2\repository\io\netty\netty-transport\4.1.76.Final\netty-transport-4.1.76.Final.jar;C:\Users\rowna\.m2\repository\io\netty\netty-resolver\4.1.76.Final\netty-resolver-4.1.76.Final.jar;C:\Users\rowna\.m2\repository\io\opentelemetry\opentelemetry-api\1.13.0\opentelemetry-api-1.13.0.jar;C:\Users\rowna\.m2\repository\io\opentelemetry\opentelemetry-context\1.13.0\opentelemetry-context-1.13.0.jar;C:\Users\rowna\.m2\repository\io\opentelemetry\opentelemetry-exporter-logging\1.13.0\opentelemetry-exporter-logging-1.13.0.jar;C:\Users\rowna\.m2\repository\io\opentelemetry\opentelemetry-sdk-metrics\1.13.0-alpha\opentelemetry-sdk-metrics-1.13.0-alpha.jar;C:\Users\rowna\.m2\repository\io\opentelemetry\opentelemetry-sdk-logs\1.13.0-alpha\opentelemetry-sdk-logs-1.13.0-alpha.jar;C:\Users\rowna\.m2\repository\io\opentelemetry\opentelemetry-sdk-common\1.13.0\opentelemetry-sdk-common-1.13.0.jar;C:\Users\rowna\.m2\repository\io\opentelemetry\opentelemetry-sdk-extension-autoconfigure-spi\1.13.0\opentelemetry-sdk-extension-autoconfigure-spi-1.13.0.jar;C:\Users\rowna\.m2\repository\io\opentelemetry\opentelemetry-sdk-extension-autoconfigure\1.13.0-alpha\opentelemetry-sdk-extension-autoconfigure-1.13.0-alpha.jar;C:\Users\rowna\.m2\repository\io\opentelemetry\opentelemetry-sdk-trace\1.13.0\opentelemetry-sdk-trace-1.13.0.jar;C:\Users\rowna\.m2\repository\io\opentelemetry\opentelemetry-sdk\1.13.0\opentelemetry-sdk-1.13.0.jar;C:\Users\rowna\.m2\repository\io\opentelemetry\opentelemetry-semconv\1.13.0-alpha\opentelemetry-semconv-1.13.0-alpha.jar;C:\Users\rowna\.m2\repository\io\ous\jtoml\2.0.0\jtoml-2.0.0.jar;C:\Users\rowna\.m2\repository\net\bytebuddy\byte-buddy\1.12.9\byte-buddy-1.12.9.jar;C:\Users\rowna\.m2\repository\org\apache\commons\commons-exec\1.3\commons-exec-1.3.jar;C:\Users\rowna\.m2\repository\org\asynchttpclient\async-http-client\2.12.3\async-http-client-2.12.3.jar;C:\Users\rowna\.m2\repository\org\asynchttpclient\async-http-client-netty-utils\2.12.3\async-http-client-netty-utils-2.12.3.jar;C:\Users\rowna\.m2\repository\io\netty\netty-codec-socks\4.1.60.Final\netty-codec-socks-4.1.60.Final.jar;C:\Users\rowna\.m2\repository\io\netty\netty-handler-proxy\4.1.60.Final\netty-handler-proxy-4.1.60.Final.jar;C:\Users\rowna\.m2\repository\io\netty\netty-transport-native-epoll\4.1.60.Final\netty-transport-native-epoll-4.1.60.Final-linux-x86_64.jar;C:\Users\rowna\.m2\repository\io\netty\netty-transport-native-kqueue\4.1.60.Final\netty-transport-native-kqueue-4.1.60.Final-osx-x86_64.jar;C:\Users\rowna\.m2\repository\org\reactivestreams\reactive-streams\1.0.3\reactive-streams-1.0.3.jar;C:\Users\rowna\.m2\repository\com\typesafe\netty\netty-reactive-streams\2.0.4\netty-reactive-streams-2.0.4.jar;C:\Users\rowna\.m2\repository\com\sun\activation\jakarta.activation\1.2.2\jakarta.activation-1.2.2.jar;C:\Users\rowna\.m2\repository\org\seleniumhq\selenium\selenium-http\4.1.4\selenium-http-4.1.4.jar;C:\Users\rowna\.m2\repository\dev\failsafe\failsafe\3.2.3\failsafe-3.2.3.jar;C:\Users\rowna\.m2\repository\org\seleniumhq\selenium\selenium-safari-driver\4.1.4\selenium-safari-driver-4.1.4.jar;C:\Users\rowna\.m2\repository\org\seleniumhq\selenium\selenium-support\4.1.4\selenium-support-4.1.4.jar;C:\Users\rowna\.m2\repository\org\testng\testng\6.14.3\testng-6.14.3.jar;C:\Users\rowna\.m2\repository\com\beust\jcommander\1.72\jcommander-1.72.jar;C:\Users\rowna\.m2\repository\org\apache-extras\beanshell\bsh\2.0b6\bsh-2.0b6.jar;C:\Users\rowna\.m2\repository\org\jsoup\jsoup\1.14.3\jsoup-1.14.3.jar;C:\Users\rowna\.m2\repository\org\apache\poi\poi-ooxml\3.7\poi-ooxml-3.7.jar;C:\Users\rowna\.m2\repository\org\apache\poi\poi\3.7\poi-3.7.jar;C:\Users\rowna\.m2\repository\org\apache\poi\poi-ooxml-schemas\3.7\poi-ooxml-schemas-3.7.jar;C:\Users\rowna\.m2\repository\org\apache\xmlbeans\xmlbeans\2.3.0\xmlbeans-2.3.0.jar;C:\Users\rowna\.m2\repository\stax\stax-api\1.0.1\stax-api-1.0.1.jar;C:\Users\rowna\.m2\repository\org\apache\geronimo\specs\geronimo-stax-api_1.0_spec\1.0\geronimo-stax-api_1.0_spec-1.0.jar;C:\Users\rowna\.m2\repository\dom4j\dom4j\1.6.1\dom4j-1.6.1.jar;C:\Users\rowna\.m2\repository\xml-apis\xml-apis\1.0.b2\xml-apis-1.0.b2.jar;C:\Users\rowna\.m2\repository\com\relevantcodes\extentreports\2.41.2\extentreports-2.41.2.jar;C:\Users\rowna\.m2\repository\org\xerial\sqlite-jdbc\3.8.11.1\sqlite-jdbc-3.8.11.1.jar;C:\Users\rowna\.m2\repository\org\freemarker\freemarker\2.3.23\freemarker-2.3.23.jar;C:\Users\rowna\.m2\repository\org\mongodb\mongodb-driver\3.0.4\mongodb-driver-3.0.4.jar;C:\Users\rowna\.m2\repository\org\mongodb\bson\3.0.4\bson-3.0.4.jar;C:\Users\rowna\.m2\repository\org\mongodb\mongodb-driver-core\3.0.4\mongodb-driver-core-3.0.4.jar;C:\Users\rowna\.m2\repository\com\aventstack\extentreports\3.1.5\extentreports-3.1.5.jar;C:\Users\rowna\.m2\repository\org\apache\httpcomponents\httpclient\4.5.2\httpclient-4.5.2.jar;C:\Users\rowna\.m2\repository\org\apache\httpcomponents\httpcore\4.4.4\httpcore-4.4.4.jar;C:\Users\rowna\.m2\repository\commons-logging\commons-logging\1.2\commons-logging-1.2.jar;C:\Users\rowna\.m2\repository\commons-codec\commons-codec\1.9\commons-codec-1.9.jar;C:\Users\rowna\.m2\repository\org\apache\httpcomponents\httpmime\4.5.2\httpmime-4.5.2.jar;C:\Users\rowna\.m2\repository\com\google\code\gson\gson\2.8.0\gson-2.8.0.jar;C:\Users\rowna\.m2\repository\commons-io\commons-io\2.5\commons-io-2.5.jar;C:\Users\rowna\.m2\repository\org\apache\commons\commons-lang3\3.7\commons-lang3-3.7.jar;C:\Users\rowna\.m2\repository\io\rest-assured\rest-assured\4.4.0\rest-assured-4.4.0.jar;C:\Users\rowna\.m2\repository\org\codehaus\groovy\groovy\3.0.8\groovy-3.0.8.jar;C:\Users\rowna\.m2\repository\org\codehaus\groovy\groovy-xml\3.0.8\groovy-xml-3.0.8.jar;C:\Users\rowna\.m2\repository\org\hamcrest\hamcrest\2.1\hamcrest-2.1.jar;C:\Users\rowna\.m2\repository\org\ccil\cowan\tagsoup\tagsoup\1.2.1\tagsoup-1.2.1.jar;C:\Users\rowna\.m2\repository\io\rest-assured\json-path\4.4.0\json-path-4.4.0.jar;C:\Users\rowna\.m2\repository\org\codehaus\groovy\groovy-json\3.0.8\groovy-json-3.0.8.jar;C:\Users\rowna\.m2\repository\io\rest-assured\rest-assured-common\4.4.0\rest-assured-common-4.4.0.jar;C:\Users\rowna\.m2\repository\io\rest-assured\xml-path\4.4.0\xml-path-4.4.0.jar;C:\Users\rowna\.m2\repository\jakarta\xml\bind\jakarta.xml.bind-api\2.3.3\jakarta.xml.bind-api-2.3.3.jar;C:\Users\rowna\.m2\repository\jakarta\activation\jakarta.activation-api\1.2.2\jakarta.activation-api-1.2.2.jar;C:\Users\rowna\.m2\repository\com\sun\xml\bind\jaxb-impl\2.3.3\jaxb-impl-2.3.3.jar;C:\Users\rowna\.m2\repository\org\mongodb\mongo-java-driver\3.12.10\mongo-java-driver-3.12.10.jar;C:\Users\rowna\.m2\repository\mysql\mysql-connector-java\8.0.27\mysql-connector-java-8.0.27.jar;C:\Users\rowna\.m2\repository\com\google\protobuf\protobuf-java\3.11.4\protobuf-java-3.11.4.jar;C:\Users\rowna\.m2\repository\org\slf4j\slf4j-api\1.7.25\slf4j-api-1.7.25.jar;C:\Users\rowna\.m2\repository\ch\qos\logback\logback-core\1.2.11\logback-core-1.2.11.jar;C:\Users\rowna\.m2\repository\ch\qos\logback\logback-classic\1.2.11\logback-classic-1.2.11.jar;"/>
    <property name="sun.cpu.endian" value="little"/>
    <property name="user.home" value="C:\Users\rowna"/>
    <property name="user.language" value="en"/>
    <property name="java.specification.vendor" value="Oracle Corporation"/>
    <property name="java.version.date" value="2022-04-19"/>
    <property name="java.home" value="C:\Program Files\Java\jdk-11.0.15"/>
    <property name="file.separator" value="\"/>
    <property name="basedir" value="C:\Users\rowna\IdeaProjects\NewFolderForCRIP0624\web-automation-framework-crip"/>
    <property name="java.vm.compressedOopsMode" value="32-bit"/>
    <property name="line.separator" value="&#10;"/>
    <property name="java.specification.name" value="Java Platform API Specification"/>
    <property name="java.vm.specification.vendor" value="Oracle Corporation"/>
    <property name="java.awt.graphicsenv" value="sun.awt.Win32GraphicsEnvironment"/>
    <property name="surefire.real.class.path" value="C:\Users\rowna\AppData\Local\Temp\surefire10502912266756403413\surefirebooter12253250100446405313.jar"/>
    <property name="user.script" value=""/>
    <property name="sun.management.compiler" value="HotSpot 64-Bit Tiered Compilers"/>
    <property name="java.runtime.version" value="11.0.15+8-LTS-149"/>
    <property name="user.name" value="rowna"/>
    <property name="path.separator" value=";"/>
    <property name="os.version" value="10.0"/>
    <property name="java.runtime.name" value="Java(TM) SE Runtime Environment"/>
    <property name="file.encoding" value="Cp1252"/>
    <property name="java.vm.name" value="Java HotSpot(TM) 64-Bit Server VM"/>
    <property name="java.vendor.version" value="18.9"/>
    <property name="localRepository" value="C:\Users\rowna\.m2\repository"/>
    <property name="java.vendor.url.bug" value="https://bugreport.java.com/bugreport/"/>
    <property name="java.io.tmpdir" value="C:\Users\rowna\AppData\Local\Temp\"/>
    <property name="java.version" value="11.0.15"/>
    <property name="user.dir" value="C:\Users\rowna\IdeaProjects\NewFolderForCRIP0624\web-automation-framework-crip"/>
    <property name="os.arch" value="amd64"/>
    <property name="java.vm.specification.name" value="Java Virtual Machine Specification"/>
    <property name="java.awt.printerjob" value="sun.awt.windows.WPrinterJob"/>
    <property name="sun.os.patch.level" value=""/>
    <property name="java.library.path" value="C:\Program Files\Java\jdk-11.0.15\bin;C:\Windows\Sun\Java\bin;C:\Windows\system32;C:\Windows;C:\Program Files\Common Files\Oracle\Java\javapath;C:\Program Files (x86)\Common Files\Oracle\Java\javapath;C:\Windows\system32;C:\Windows;C:\Windows\System32\Wbem;C:\Windows\System32\WindowsPowerShell\v1.0\;C:\Windows\System32\OpenSSH\;C:\Program Files\Git\cmd;C:\Program Files\apache-maven-3.8.6\bin;C:\Users\rowna\AppData\Local\Microsoft\WindowsApps;;."/>
    <property name="java.vendor" value="Oracle Corporation"/>
    <property name="java.vm.info" value="mixed mode"/>
    <property name="java.vm.version" value="11.0.15+8-LTS-149"/>
    <property name="sun.io.unicode.encoding" value="UnicodeLittle"/>
    <property name="java.class.version" value="55.0"/>
  </properties>
  <testcase name="AJAXButtonText" classname="uitaptests.ExistingElement" time="20.576"/>
  <testcase name="verifyLoadDelHeader" classname="uitaptests.ExistingElement" time="5.644"/>
  <testcase name="verifyRubiksImage" classname="uitaptests.ExistingElement" time="0.056"/>
  <testcase name="verifyWaitForText" classname="uitaptests.ExistingElement" time="20.385"/>
  <testcase name="verifyWelcomeText" classname="uitaptests.ExistingElement" time="0.443"/>
  <testcase name="clickMeRecord" classname="uitaptests.GetValueOrLoad" time="0.401"/>
  <testcase name="continuousClicksCount" classname="uitaptests.GetValueOrLoad" time="6.09"/>
  <testcase name="initialClickCount" classname="uitaptests.GetValueOrLoad" time="0.431"/>
  <testcase name="progressBarLoadTime" classname="uitaptests.GetValueOrLoad" time="0.529"/>
  <testcase name="readCPULoadValue" classname="uitaptests.GetValueOrLoad" time="0.296"/>
  <testcase name="apacheLicenseExternalLink" classname="uitaptests.HyperLinks" time="1.531"/>
  <testcase name="cc4ExternalLink" classname="uitaptests.HyperLinks" time="1.112"/>
  <testcase name="clickAjaxDataLinkTest" classname="uitaptests.HyperLinks" time="0.232"/>
  <testcase name="clickClassAttributeLinkTest" classname="uitaptests.HyperLinks" time="0.23"/>
  <testcase name="clickClickLinkTest" classname="uitaptests.HyperLinks" time="0.228"/>
  <testcase name="clickClientSideDelayLinkTest" classname="uitaptests.HyperLinks" time="0.269"/>
  <testcase name="clickDynamicIdLinkTest" classname="uitaptests.HyperLinks" time="0.329"/>
  <testcase name="clickDynamicTableLinkTest" classname="uitaptests.HyperLinks" time="0.232"/>
  <testcase name="clickHiddenLayerLinkTest" classname="uitaptests.HyperLinks" time="0.235"/>
  <testcase name="clickHomeTabTest" classname="uitaptests.HyperLinks" time="0.232"/>
  <testcase name="clickLoadDelayLinkTest" classname="uitaptests.HyperLinks" time="5.401"/>
  <testcase name="clickLogoTest" classname="uitaptests.HyperLinks" time="0.335"/>
  <testcase name="clickMouseOverLinkTest" classname="uitaptests.HyperLinks" time="0.352"/>
  <testcase name="clickNonBreakingSpaceLinkTest" classname="uitaptests.HyperLinks" time="0.224"/>
  <testcase name="clickOverlappedLinkTest" classname="uitaptests.HyperLinks" time="0.233"/>
  <testcase name="clickProgressBarLinkTest" classname="uitaptests.HyperLinks" time="0.329"/>
  <testcase name="clickResourcesTabTest" classname="uitaptests.HyperLinks" time="0.32"/>
  <testcase name="clickSampleAppLinkTest" classname="uitaptests.HyperLinks" time="0.224"/>
  <testcase name="clickScrollBarsLinkTest" classname="uitaptests.HyperLinks" time="0.223"/>
  <testcase name="clickShadowDOMLinkTest" classname="uitaptests.HyperLinks" time="0.28"/>
  <testcase name="clickTextInputLinkTest" classname="uitaptests.HyperLinks" time="0.33"/>
  <testcase name="clickVerifyTextLinkTest" classname="uitaptests.HyperLinks" time="0.229"/>
  <testcase name="clickVisibilityLinkTest" classname="uitaptests.HyperLinks" time="0.239"/>
  <testcase name="forkGitExternalLink" classname="uitaptests.HyperLinks" time="1.596"/>
  <testcase name="inflectraExternalLink" classname="uitaptests.HyperLinks" time="2.236"/>
  <testcase name="rapiseExternalLink" classname="uitaptests.HyperLinks" time="1.985"/>
  <testcase name="starLinkExternalLink" classname="uitaptests.HyperLinks" time="0.955"/>
  <testcase name="verifyEmptyLoginFail" classname="uitaptests.Login" time="0.377"/>
  <testcase name="verifyInvalidLoginFail" classname="uitaptests.Login" time="0.433"/>
  <testcase name="verifyValidLogin" classname="uitaptests.Login" time="0.419"/>
  <testcase name="verifyValidLogout" classname="uitaptests.Login" time="0.504"/>
  <testcase name="ClickableRemovedButton" classname="uitaptests.PageButtons" time="0.306"/>
  <testcase name="DynamicIDButtonClick" classname="uitaptests.PageButtons" time="0.391"/>
  <testcase name="HideFunction" classname="uitaptests.PageButtons" time="0.496"/>
  <testcase name="HidingButtonClick" classname="uitaptests.PageButtons" time="0.384"/>
  <testcase name="buttonAfterDelay" classname="uitaptests.PageButtons" time="5.445"/>
  <testcase name="clickableDisplayNoneButton" classname="uitaptests.PageButtons" time="0.395"/>
  <testcase name="clickableOffScreenButton" classname="uitaptests.PageButtons" time="0.276"/>
  <testcase name="clickableOverlapButton" classname="uitaptests.PageButtons" time="0.339"/>
  <testcase name="clickableTransparentButton" classname="uitaptests.PageButtons" time="0.291"/>
  <testcase name="clickableVisibilHiddenButton" classname="uitaptests.PageButtons" time="0.392"/>
  <testcase name="clickableZeroWidthButton" classname="uitaptests.PageButtons" time="0.376"/>
  <testcase name="greenButtonClickable" classname="uitaptests.PageButtons" time="0.327"/>
  <testcase name="multipleButtonChanges" classname="uitaptests.PageButtons" time="0.564"/>
  <testcase name="secondClickonButton" classname="uitaptests.PageButtons" time="0.457"/>
  <testcase name="textBoxClickable" classname="uitaptests.PageButtons" time="0.464"/>
  <testcase name="textInputButton" classname="uitaptests.PageButtons" time="0.336"/>
  <testcase name="verifyDOMButton" classname="uitaptests.PageButtons" time="0.36"/>
  <testcase name="verifyMyButton" classname="uitaptests.PageButtons" time="0.395"/>
  <testcase name="verifyStartButton" classname="uitaptests.PageButtons" time="0.363"/>
  <testcase name="verifyStopButton" classname="uitaptests.PageButtons" time="0.438"/>
  <testcase name="yellowButtonClickable" classname="uitaptests.PageButtons" time="0.311"/>
  <testcase name="ajaxToHome" classname="uitaptests.PageRedirects" time="0.536"/>
  <testcase name="classAttributeToHome" classname="uitaptests.PageRedirects" time="0.408"/>
  <testcase name="clientSideToHome" classname="uitaptests.PageRedirects" time="0.64"/>
  <testcase name="dynamicIDToHome" classname="uitaptests.PageRedirects" time="0.641"/>
  <testcase name="dynamicTableToHome" classname="uitaptests.PageRedirects" time="0.568"/>
  <testcase name="hiddenLayersToHome" classname="uitaptests.PageRedirects" time="0.48"/>
  <testcase name="mouseOverToHome" classname="uitaptests.PageRedirects" time="0.532"/>
  <testcase name="overlappedToHome" classname="uitaptests.PageRedirects" time="0.531"/>
  <testcase name="sampleAppToHome" classname="uitaptests.PageRedirects" time="0.608"/>
  <testcase name="scrollbarsToHome" classname="uitaptests.PageRedirects" time="0.612"/>
  <testcase name="textInputToHome" classname="uitaptests.PageRedirects" time="0.612"/>
  <testcase name="visibilityToHome" classname="uitaptests.PageRedirects" time="0.638"/>
  <testcase name="primaryPopUp" classname="uitaptests.PopUps" time="0.326"/>
  <testcase name="homePageScroll" classname="uitaptests.ScrollBar" time="0.051"/>
  <testcase name="buttonTextChange" classname="uitaptests.TextField" time="0.424"/>
  <testcase name="idTextBoxTyping" classname="uitaptests.TextField" time="0.343"/>
  <testcase name="nameTextBoxTyping" classname="uitaptests.TextField" time="0.363"/>
  <testcase name="textBoxTextInput" classname="uitaptests.TextField" time="0.378"/>
  <testcase name="typeWithExcelReader" classname="uitaptests.TextField" time="1.642"/>
</testsuite>